<?xml version="1.0" encoding="UTF-8"?>
<!-- Generated by org.testng.reporters.JUnitReportReporter -->
<testsuite hostname="mukesh-Latitude-3410" failures="0" tests="1" name="com.test.tests.TestTestClass" time="11.793" errors="0" timestamp="2022-12-06T16:17:46 IST" skipped="0">
  <testcase classname="com.test.tests.TestTestClass" name="launchUrl" time="11.793"/>
  <system-out/>
</testsuite> <!-- com.test.tests.TestTestClass -->
